C51 COMPILER V9.60.0.0   MAIN                                                              02/21/2022 09:34:28 PAGE 1   


C51 COMPILER V9.60.0.0, COMPILATION OF MODULE MAIN
OBJECT MODULE PLACED IN .\Objects\main.obj
COMPILER INVOKED BY: d:\Keil_v5\C51\BIN\C51.EXE main.c OPTIMIZE(8,SPEED) BROWSE INCDIR(..\Include;..\My_Libraries\2 Wire
                    - LCD  (Software Delay);..\My_Libraries\Software Delay;..\My_Libraries\Extended Functions) DEFINE(FOSC_160000) DEBUG OBJE
                    -CTEXTEND PRINT(.\Listings\main.lst) TABS(2) OBJECT(.\Objects\main.obj)

line level    source

   1          #include "N76E003.h"
   2          #include "SFR_Macro.h"
   3          #include "Function_define.h"
   4          #include "Common.h"
   5          #include "Delay.h"
   6          #include "soft_delay.h"
   7          #include "LCD_2_Wire.h"
   8          
   9          
  10          #define Vmpp                    5.162F
  11          #define Impp                    0.056F
  12          #define R_actual                (Vmpp / Impp)
  13          #define R_fixed                 100.0F //    
  14          #define R_Error                 (R_fixed / R_actual)
  15          #define ADC_Max                 4095.0F
  16          #define VDD                     3.3F
  17          #define scale_factor            2.0F
  18          
  19          #define cell_efficiency         0.065F // 6.5%
  20          #define cell_length             0.0854F // 85.4mm
  21          #define cell_width              0.0563F // 56.3mm
  22          #define effective_area_factor   0.90F   // Ignoring areas without cell, i.e. boundaries, frames, links, etc
  23          #define cell_area               (cell_length * cell_width) // 0.00481 sq.m  
  24          #define effective_cell_area     (cell_area * effective_area_factor * cell_efficiency) // 0.000281 sq.m
  25          
  26          
  27          void setup(void);
  28          unsigned int ADC_read(void);
  29          unsigned int ADC_average(void);
  30          void lcd_print(unsigned char x_pos, unsigned char y_pos, unsigned int value);
  31          
  32          
  33          void main(void)
  34          {
  35   1        unsigned int ADC = 0;
  36   1        float v = 0;
  37   1        float V = 0;
  38   1        float P = 0;
  39   1        float E = 0;
  40   1        
  41   1        setup();
  42   1        
  43   1        while(1)
  44   1        {
  45   2          ADC = ADC_average();
  46   2          v = ((VDD * ADC) / ADC_Max);    
  47   2          V = (v * scale_factor);
  48   2          P = (((V * V) / R_fixed) * R_Error);
  49   2          E = (P / effective_cell_area);
  50   2          
  51   2          lcd_print(12, 0, (unsigned int)(P * 1000.0));
  52   2          lcd_print(12, 1, (unsigned int)E);
  53   2          
C51 COMPILER V9.60.0.0   MAIN                                                              02/21/2022 09:34:28 PAGE 2   

  54   2          delay_ms(100);
  55   2        };
  56   1      }
  57          
  58          
  59          void setup(void)
  60          { 
  61   1        LCD_init();
  62   1        LCD_clear_home(); 
  63   1        LCD_goto(0, 0); 
  64   1        LCD_putstr("PV PWR mW:");
  65   1        LCD_goto(0, 1); 
  66   1        LCD_putstr("E. W/sq.m:");
  67   1        
  68   1        Enable_ADC_AIN0;
  69   1      }
  70          
  71          
  72          unsigned int ADC_read(void)
  73          {
  74   1        register unsigned int value = 0x0000;
  75   1        
  76   1        clr_ADCF;
  77   1        set_ADCS;                 
  78   1        while(ADCF == 0);
  79   1        
  80   1        value = ADCRH;
  81   1        value <<= 4;
  82   1        value |= ADCRL;
  83   1        
  84   1        return value;
  85   1      }
  86          
  87          
  88          unsigned int ADC_average(void)
  89          {
  90   1        signed char samples = 16;
  91   1        unsigned long value = 0;
  92   1        
  93   1        while(samples > 0)
  94   1        {
  95   2          value += ((unsigned long)ADC_read());
  96   2          samples--;
  97   2        };
  98   1        
  99   1        value >>= 4;
 100   1        
 101   1        return ((unsigned int)value);
 102   1      }
 103          
 104          
 105          void lcd_print(unsigned char x_pos, unsigned char y_pos, unsigned int value)
 106          {  
 107   1        unsigned char ch = 0;
 108   1      
 109   1        if((value > 999) && (value <= 9999))
 110   1        {
 111   2          ch = (((value % 10000) / 1000) + 0x30);
 112   2          LCD_goto(x_pos, y_pos);
 113   2          LCD_putchar(ch);
 114   2          
 115   2          ch = (((value % 1000) / 100) + 0x30);
C51 COMPILER V9.60.0.0   MAIN                                                              02/21/2022 09:34:28 PAGE 3   

 116   2          LCD_goto((x_pos + 1), y_pos);
 117   2          LCD_putchar(ch);
 118   2          
 119   2          ch = (((value % 100) / 10) + 0x30);
 120   2          LCD_goto((x_pos + 2), y_pos);
 121   2          LCD_putchar(ch);
 122   2          
 123   2          ch = ((value % 10) + 0x30);
 124   2          LCD_goto((x_pos + 3), y_pos);
 125   2          LCD_putchar(ch);
 126   2        }
 127   1        
 128   1        else if((value > 99) && (value <= 999))
 129   1        {
 130   2          ch = 0x20;
 131   2          LCD_goto(x_pos, y_pos);
 132   2          LCD_putchar(ch);
 133   2          
 134   2          ch = (((value % 1000) / 100) + 0x30);
 135   2          LCD_goto((x_pos + 1), y_pos);
 136   2          LCD_putchar(ch);
 137   2          
 138   2          ch = (((value % 100) / 10) + 0x30);
 139   2          LCD_goto((x_pos + 2), y_pos);
 140   2          LCD_putchar(ch);
 141   2          
 142   2          ch = ((value % 10) + 0x30);
 143   2          LCD_goto((x_pos + 3), y_pos);
 144   2          LCD_putchar(ch);
 145   2        }
 146   1        
 147   1        else if((value > 9) && (value <= 99))
 148   1        {
 149   2          ch = 0x20;
 150   2          LCD_goto(x_pos, y_pos);
 151   2          LCD_putchar(ch);
 152   2          
 153   2          ch = 0x20;
 154   2          LCD_goto((x_pos + 1), y_pos);
 155   2          LCD_putchar(ch);
 156   2          
 157   2          ch = (((value % 100) / 10) + 0x30);
 158   2          LCD_goto((x_pos + 2), y_pos);
 159   2          LCD_putchar(ch);
 160   2          
 161   2          ch = ((value % 10) + 0x30);
 162   2          LCD_goto((x_pos + 3), y_pos);
 163   2          LCD_putchar(ch);
 164   2        }
 165   1        
 166   1        else
 167   1        {
 168   2          ch = 0x20;
 169   2          LCD_goto(x_pos, y_pos);
 170   2          LCD_putchar(ch);
 171   2          
 172   2          ch = 0x20;
 173   2          LCD_goto((x_pos + 1), y_pos);
 174   2          LCD_putchar(ch);
 175   2          
 176   2          ch = 0x20;
 177   2          LCD_goto((x_pos + 2), y_pos);
C51 COMPILER V9.60.0.0   MAIN                                                              02/21/2022 09:34:28 PAGE 4   

 178   2          LCD_putchar(ch);
 179   2          
 180   2          ch = ((value % 10) + 0x30);
 181   2          LCD_goto((x_pos + 3), y_pos);
 182   2          LCD_putchar(ch);
 183   2        } 
 184   1      }
 185          


MODULE INFORMATION:   STATIC OVERLAYABLE
   CODE SIZE        =    701    ----
   CONSTANT SIZE    =     22    ----
   XDATA SIZE       =   ----    ----
   PDATA SIZE       =   ----    ----
   DATA SIZE        =   ----      27
   IDATA SIZE       =   ----    ----
   BIT SIZE         =   ----    ----
END OF MODULE INFORMATION.


C51 COMPILATION COMPLETE.  0 WARNING(S),  0 ERROR(S)
