C51 COMPILER V9.59.0.0   MAIN                                                              04/20/2020 20:42:41 PAGE 1   


C51 COMPILER V9.59.0.0, COMPILATION OF MODULE MAIN
OBJECT MODULE PLACED IN .\Objects\main.obj
COMPILER INVOKED BY: C:\Keil_v5\C51\BIN\C51.EXE main.c OPTIMIZE(8,SPEED) BROWSE INCDIR(.\Include;.\My_Libraries\Software
                    - Delay;.\My_Libraries\I2C;.\My_Libraries\DHT12;.\My_Libraries\3 Wire LCD) DEFINE(FOSC_160000) DEBUG OBJECTEXTEND PRINT(.
                    -\Listings\main.lst) TABS(2) OBJECT(.\Objects\main.obj)

line level    source

   1          #include "N76E003.h"
   2          #include "SFR_Macro.h"
   3          #include "Function_define.h"
   4          #include "Common.h"
   5          #include "Delay.h"
   6          #include "soft_delay.h"
   7          #include "LCD_3_Wire.h"
   8          #include "lcd_print.h"
   9          #include "I2C.h"
  10          #include "DHT12.h"
  11          
  12          
  13          
  14          void main(void)
  15          {
  16   1        unsigned char state = 0x00;
  17   1        
  18   1        float T = 0.0;
  19   1        float RH = 0.0;
  20   1          
  21   1        P15_PushPull_Mode;
  22   1        
  23   1        LCD_init();
  24   1        LCD_clear_home();
  25   1        load_custom_symbol();
  26   1        
  27   1        LCD_goto(0, 0);
  28   1        LCD_putstr("R.H / %:");
  29   1        LCD_goto(0, 1);
  30   1        LCD_putstr("Temp/ C:");
  31   1        print_symbol(5, 1, 0);
  32   1        
  33   1        DHT12_init();
  34   1        
  35   1        while(1)
  36   1        {
  37   2            state = DHT12_get_data(&RH, &T);
  38   2          
  39   2            switch(state)
  40   2            {
  41   3              case no_error:
  42   3              {
  43   4                print_F(11, 0, RH, 1);
  44   4                print_F(11, 1, T, 1);
  45   4                break;
  46   4              }
  47   3              
  48   3              default:
  49   3              {
  50   4                LCD_goto(12, 0);
  51   4                LCD_putstr("--.-");
  52   4                LCD_goto(12, 1);
  53   4                LCD_putstr("--.-");
C51 COMPILER V9.59.0.0   MAIN                                                              04/20/2020 20:42:41 PAGE 2   

  54   4              }
  55   3            }
  56   2            
  57   2            P15 ^= 0x01;
  58   2            delay_ms(400);
  59   2        };
  60   1      }
  61          
  62          


MODULE INFORMATION:   STATIC OVERLAYABLE
   CODE SIZE        =    193    ----
   CONSTANT SIZE    =     23    ----
   XDATA SIZE       =   ----    ----
   PDATA SIZE       =   ----    ----
   DATA SIZE        =   ----       9
   IDATA SIZE       =   ----    ----
   BIT SIZE         =   ----    ----
END OF MODULE INFORMATION.


C51 COMPILATION COMPLETE.  0 WARNING(S),  0 ERROR(S)
