C51 COMPILER V9.59.0.0   LCD_PRINT                                                         05/15/2020 11:07:08 PAGE 1   


C51 COMPILER V9.59.0.0, COMPILATION OF MODULE LCD_PRINT
OBJECT MODULE PLACED IN .\Objects\lcd_print.obj
COMPILER INVOKED BY: C:\Keil_v5\C51\BIN\C51.EXE My_Libraries\LCD Print\lcd_print.c LARGE OPTIMIZE(8,SPEED) BROWSE INCDIR
                    -(.\Include;.\My_Libraries\Software Delay;.\My_Libraries\2 Wire LCD;.\Common;.\My_Libraries\MAX31855;.\My_Libraries\LCD P
                    -rint) DEFINE(FOSC_160000) DEBUG OBJECTEXTEND PRINT(.\Listings\lcd_print.lst) TABS(2) OBJECT(.\Objects\lcd_print.obj)

line level    source

   1          #include "N76E003.h"
   2          #include "SFR_Macro.h"
   3          #include "Function_define.h"
   4          #include "Common.h"
   5          #include "Delay.h"
   6          #include "LCD_2_wire.h"
   7          #include "lcd_print.h"
   8          
   9          
  10          void load_custom_symbol(void)
  11          {
  12   1          unsigned char s = 0;
  13   1      
  14   1          const unsigned char custom_symbol[array_size] =
  15   1          {
  16   1              0x00, 0x06, 0x09, 0x09, 0x06, 0x00, 0x00, 0x00
  17   1          };
  18   1      
  19   1          LCD_send(0x40, CMD);
  20   1      
  21   1          for(s = 0; s < array_size; s++)
  22   1          {
  23   2               LCD_send(custom_symbol[s], DAT);
  24   2          }
  25   1      
  26   1          LCD_send(0x80, CMD);
  27   1      }
  28          
  29          
  30          void print_symbol(unsigned char x_pos, unsigned char y_pos, unsigned char symbol_index)
  31          {
  32   1          LCD_goto(x_pos, y_pos);
  33   1          LCD_send(symbol_index, DAT);
  34   1      }
  35          
  36          
  37          void print_C(unsigned char x_pos, unsigned char y_pos, signed int value)
  38          {
  39   1           char ch[5] = {0x20, 0x20, 0x20, 0x20, '\0'};
  40   1      
  41   1           if(value < 0x00)
  42   1           {
  43   2              ch[0] = 0x2D;
  44   2              value = -value;
  45   2           }
  46   1           else
  47   1           {
  48   2              ch[0] = 0x20;
  49   2           }
  50   1      
  51   1           if((value > 99) && (value <= 999))
  52   1           {
  53   2               ch[1] = ((value / 100) + 0x30);
C51 COMPILER V9.59.0.0   LCD_PRINT                                                         05/15/2020 11:07:08 PAGE 2   

  54   2               ch[2] = (((value % 100) / 10) + 0x30);
  55   2               ch[3] = ((value % 10) + 0x30);
  56   2           }
  57   1           else if((value > 9) && (value <= 99))
  58   1           {
  59   2               ch[1] = (((value % 100) / 10) + 0x30);
  60   2               ch[2] = ((value % 10) + 0x30);
  61   2               ch[3] = 0x20;
  62   2           }
  63   1           else if((value >= 0) && (value <= 9))
  64   1           {
  65   2               ch[1] = ((value % 10) + 0x30);
  66   2               ch[2] = 0x20;
  67   2               ch[3] = 0x20;
  68   2           }
  69   1      
  70   1           LCD_goto(x_pos, y_pos);
  71   1           LCD_putstr(ch);
  72   1      }
  73          
  74          
  75          void print_I(unsigned char x_pos, unsigned char y_pos, signed long value)
  76          {
  77   1          char ch[7] = {0x20, 0x20, 0x20, 0x20, 0x20, 0x20, '\0'};
  78   1      
  79   1          if(value < 0)
  80   1          {
  81   2              ch[0] = 0x2D;
  82   2              value = -value;
  83   2          }
  84   1          else
  85   1          {
  86   2              ch[0] = 0x20;
  87   2          }
  88   1      
  89   1          if(value > 9999)
  90   1          {
  91   2              ch[1] = ((value / 10000) + 0x30);
  92   2              ch[2] = (((value % 10000)/ 1000) + 0x30);
  93   2              ch[3] = (((value % 1000) / 100) + 0x30);
  94   2              ch[4] = (((value % 100) / 10) + 0x30);
  95   2              ch[5] = ((value % 10) + 0x30);
  96   2          }
  97   1      
  98   1          else if((value > 999) && (value <= 9999))
  99   1          {
 100   2              ch[1] = (((value % 10000)/ 1000) + 0x30);
 101   2              ch[2] = (((value % 1000) / 100) + 0x30);
 102   2              ch[3] = (((value % 100) / 10) + 0x30);
 103   2              ch[4] = ((value % 10) + 0x30);
 104   2              ch[5] = 0x20;
 105   2          }
 106   1          else if((value > 99) && (value <= 999))
 107   1          {
 108   2              ch[1] = (((value % 1000) / 100) + 0x30);
 109   2              ch[2] = (((value % 100) / 10) + 0x30);
 110   2              ch[3] = ((value % 10) + 0x30);
 111   2              ch[4] = 0x20;
 112   2              ch[5] = 0x20;
 113   2          }
 114   1          else if((value > 9) && (value <= 99))
 115   1          {
C51 COMPILER V9.59.0.0   LCD_PRINT                                                         05/15/2020 11:07:08 PAGE 3   

 116   2              ch[1] = (((value % 100) / 10) + 0x30);
 117   2              ch[2] = ((value % 10) + 0x30);
 118   2              ch[3] = 0x20;
 119   2              ch[4] = 0x20;
 120   2              ch[5] = 0x20;
 121   2          }
 122   1          else
 123   1          {
 124   2              ch[1] = ((value % 10) + 0x30);
 125   2              ch[2] = 0x20;
 126   2              ch[3] = 0x20;
 127   2              ch[4] = 0x20;
 128   2              ch[5] = 0x20;
 129   2          }
 130   1      
 131   1          LCD_goto(x_pos, y_pos);
 132   1          LCD_putstr(ch);
 133   1      }
 134          
 135          
 136          void print_D(unsigned char x_pos, unsigned char y_pos, signed int value, unsigned char points)
 137          {
 138   1          char ch[5] = {0x2E, 0x20, 0x20, 0x20, 0x20};
 139   1      
 140   1          ch[1] = ((value / 100) + 0x30);
 141   1      
 142   1          if(points > 1)
 143   1          {
 144   2              ch[2] = (((value / 10) % 10) + 0x30);
 145   2      
 146   2              if(points > 1)
 147   2              {
 148   3                  ch[3] = ((value % 10) + 0x30);
 149   3              }
 150   2          }
 151   1      
 152   1          LCD_goto(x_pos, y_pos);
 153   1          LCD_putstr(ch);
 154   1      }
 155          
 156          
 157          void print_F(unsigned char x_pos, unsigned char y_pos, float value, unsigned char points)
 158          {
 159   1          signed long tmp = 0x00000000;
 160   1      
 161   1          tmp = value;
 162   1          print_I(x_pos, y_pos, tmp);
 163   1          tmp = ((value - tmp) * 1000);
 164   1      
 165   1          if(tmp < 0)
 166   1          {
 167   2             tmp = -tmp;
 168   2          }
 169   1      
 170   1          if(value < 0)
 171   1          {
 172   2              value = -value;
 173   2              LCD_goto(x_pos, y_pos);
 174   2              LCD_putchar(0x2D);
 175   2          }
 176   1          else
 177   1          {
C51 COMPILER V9.59.0.0   LCD_PRINT                                                         05/15/2020 11:07:08 PAGE 4   

 178   2              LCD_goto(x_pos, y_pos);
 179   2              LCD_putchar(0x20);
 180   2          }
 181   1      
 182   1          if((value >= 10000) && (value < 100000))
 183   1          {
 184   2              print_D((x_pos + 6), y_pos, tmp, points);
 185   2          }
 186   1          else if((value >= 1000) && (value < 10000))
 187   1          {
 188   2              print_D((x_pos + 5), y_pos, tmp, points);
 189   2          }
 190   1          else if((value >= 100) && (value < 1000))
 191   1          {
 192   2              print_D((x_pos + 4), y_pos, tmp, points);
 193   2          }
 194   1          else if((value >= 10) && (value < 100))
 195   1          {
 196   2              print_D((x_pos + 3), y_pos, tmp, points);
 197   2          }
 198   1          else if(value < 10)
 199   1          {
 200   2              print_D((x_pos + 2), y_pos, tmp, points);
 201   2          }
 202   1      }


MODULE INFORMATION:   STATIC OVERLAYABLE
   CODE SIZE        =   2061    ----
   CONSTANT SIZE    =     25    ----
   XDATA SIZE       =   ----      53
   PDATA SIZE       =   ----    ----
   DATA SIZE        =   ----    ----
   IDATA SIZE       =   ----    ----
   BIT SIZE         =   ----    ----
END OF MODULE INFORMATION.


C51 COMPILATION COMPLETE.  0 WARNING(S),  0 ERROR(S)
