C51 COMPILER V9.59.0.0   MAIN                                                              05/15/2020 11:07:07 PAGE 1   


C51 COMPILER V9.59.0.0, COMPILATION OF MODULE MAIN
OBJECT MODULE PLACED IN .\Objects\main.obj
COMPILER INVOKED BY: C:\Keil_v5\C51\BIN\C51.EXE main.c LARGE OPTIMIZE(8,SPEED) BROWSE INCDIR(.\Include;.\My_Libraries\So
                    -ftware Delay;.\My_Libraries\2 Wire LCD;.\Common;.\My_Libraries\MAX31855;.\My_Libraries\LCD Print) DEFINE(FOSC_160000) DE
                    -BUG OBJECTEXTEND PRINT(.\Listings\main.lst) TABS(2) OBJECT(.\Objects\main.obj)

line level    source

   1          #include "N76E003.h"
   2          #include "SFR_Macro.h"
   3          #include "Function_define.h"
   4          #include "Common.h"
   5          #include "Delay.h"
   6          #include "soft_delay.h"
   7          #include "LCD_2_Wire.h"
   8          #include "lcd_print.h"
   9          #include "MAX31855.h"
  10          
  11          
  12          void setup(void);
  13          
  14          
  15          void main(void)
  16          { 
  17   1        float t_in = 0.0;
  18   1        float t_out = 0.0;
  19   1        signed long t = 0;
  20   1        unsigned char fault_msg = 0x00;
  21   1        
  22   1        setup();
  23   1        
  24   1        LCD_goto(3, 0);
  25   1        LCD_putstr("MAX31855 Demo");
  26   1        
  27   1        LCD_goto(2, 1);
  28   1        LCD_putstr("Tj/ C:");
  29   1        print_symbol(5, 1, 0);
  30   1        
  31   1        LCD_goto(2, 2);
  32   1        LCD_putstr("Ta/ C:");
  33   1        print_symbol(5, 2, 0);
  34   1        
  35   1        while(1)
  36   1        {
  37   2          fault_msg = MAX31855_get_data(&t_out, &t_in);
  38   2          
  39   2          switch(fault_msg)
  40   2          {
  41   3            case thermocouple_not_detected:
  42   3            {
  43   4              LCD_goto(0, 3);
  44   4              LCD_putstr("   Check Sensor!    ");
  45   4              break;
  46   4            }
  47   3            
  48   3            case thermocouple_short_circuited_to_GND:
  49   3            {
  50   4              LCD_goto(0, 3);
  51   4              LCD_putstr("   Check Jn-GND!    ");       
  52   4              break;
  53   4            }
C51 COMPILER V9.59.0.0   MAIN                                                              05/15/2020 11:07:07 PAGE 2   

  54   3            
  55   3            case thermocouple_short_circuited_to_VCC:
  56   3            {
  57   4              LCD_goto(0, 3);
  58   4              LCD_putstr("   Check Jn-VCC!    ");
  59   4              break;
  60   4            }
  61   3            
  62   3            default:
  63   3            {
  64   4              print_F(11, 1, t_out, 2);
  65   4              print_F(11, 2, t_in, 2);        
  66   4              LCD_goto(0, 3);
  67   4              LCD_putstr("    System Okay.    ");       
  68   4              break;
  69   4            }
  70   3          };
  71   2          
  72   2          delay_ms(400);
  73   2        };
  74   1      }
  75          
  76          void setup(void)
  77          {
  78   1        LCD_init();
  79   1        LCD_clear_home();
  80   1        load_custom_symbol();
  81   1        MAX31855_init();
  82   1      }


MODULE INFORMATION:   STATIC OVERLAYABLE
   CODE SIZE        =    292    ----
   CONSTANT SIZE    =    112    ----
   XDATA SIZE       =   ----      13
   PDATA SIZE       =   ----    ----
   DATA SIZE        =   ----    ----
   IDATA SIZE       =   ----    ----
   BIT SIZE         =   ----    ----
END OF MODULE INFORMATION.


C51 COMPILATION COMPLETE.  0 WARNING(S),  0 ERROR(S)
